10:18:15.608 [main] INFO  factory.BaseClass - *******	Click on the Free Listing*******
10:18:22.855 [main] INFO  factory.BaseClass - *******Enter the Phone Number*******
10:18:23.683 [main] INFO  factory.BaseClass - *******Click on the start now button*******
10:18:24.514 [main] INFO  factory.BaseClass - ******Validating the error message******
10:18:38.599 [main] INFO  factory.BaseClass - *******Navigate to the Justdial homePage*******
10:18:43.334 [main] INFO  factory.BaseClass - *******	Click on the Free Listing*******
10:18:48.897 [main] INFO  factory.BaseClass - *******Enter the Phone Number*******
10:18:49.691 [main] INFO  factory.BaseClass - *******Click on the start now button*******
10:18:50.524 [main] INFO  factory.BaseClass - ******Validating the error message******
10:19:06.588 [main] INFO  factory.BaseClass - *******Navigate to the Justdial homePage*******
10:19:10.665 [main] INFO  factory.BaseClass - *******Scroll Down*******
10:19:11.694 [main] INFO  factory.BaseClass - *******Click on the Gym*******
10:19:12.496 [main] INFO  factory.BaseClass - ******Getting the submenu in list*******
10:19:17.239 [main] INFO  factory.BaseClass - *******Get the all details from submenu dropdown*******
16:57:41.786 [main] INFO  factory.BaseClass - *******Navigate to the Justdial homePage*******
16:57:43.494 [main] INFO  factory.BaseClass - *******Validating the title*******
16:57:44.016 [main] INFO  factory.BaseClass - *******Get the location*******
16:57:45.619 [main] INFO  factory.BaseClass - *******Enter the Car washing services and search*******
16:57:49.374 [main] INFO  factory.BaseClass - *******Applying the filter*******
16:57:51.007 [main] INFO  factory.BaseClass - *******Getting the details of services*******
16:58:56.327 [main] INFO  factory.BaseClass - *******Navigate to the Justdial homePage*******
16:58:58.695 [main] INFO  factory.BaseClass - *******	Click on the Free Listing*******
16:59:02.094 [main] INFO  factory.BaseClass - *******Enter the Phone Number*******
16:59:02.833 [main] INFO  factory.BaseClass - *******Click on the start now button*******
16:59:03.563 [main] INFO  factory.BaseClass - ******Validating the error message******
16:59:17.304 [main] INFO  factory.BaseClass - *******Navigate to the Justdial homePage*******
16:59:22.805 [main] INFO  factory.BaseClass - *******	Click on the Free Listing*******
16:59:25.895 [main] INFO  factory.BaseClass - *******Enter the Phone Number*******
16:59:26.640 [main] INFO  factory.BaseClass - *******Click on the start now button*******
16:59:27.371 [main] INFO  factory.BaseClass - ******Validating the error message******
16:59:44.138 [main] INFO  factory.BaseClass - *******Navigate to the Justdial homePage*******
16:59:46.387 [main] INFO  factory.BaseClass - *******Scroll Down*******
16:59:47.701 [main] INFO  factory.BaseClass - *******Click on the Gym*******
16:59:48.661 [main] INFO  factory.BaseClass - ******Getting the submenu in list*******
16:59:56.251 [main] INFO  factory.BaseClass - *******Get the all details from submenu dropdown*******
