17:31:23.495 [main] INFO  factory.BaseClass - *******Navigate to the Justdial homePage*******
17:31:29.297 [main] INFO  factory.BaseClass - *******Enter the Car washing services and search*******
17:31:30.032 [main] INFO  factory.BaseClass - *******Applying the filter*******
17:31:33.103 [main] INFO  factory.BaseClass - *******Getting the details of services*******
17:32:12.786 [main] INFO  factory.BaseClass - *******Navigate to the Justdial homePage*******
17:32:19.088 [main] INFO  factory.BaseClass - *******	Click on the Free Listing*******
17:32:20.629 [main] INFO  factory.BaseClass - *******Enter The wrong number*******
17:32:21.040 [main] INFO  factory.BaseClass - *******Click on the start now button*******
17:32:21.319 [main] INFO  factory.BaseClass - ******Validating the error message******
17:32:29.279 [main] INFO  factory.BaseClass - *******Navigate to the Justdial homePage*******
17:32:36.428 [main] INFO  factory.BaseClass - *******Scroll Down*******
17:32:36.729 [main] INFO  factory.BaseClass - *******Click on the Gym*******
17:32:37.298 [main] INFO  factory.BaseClass - ******Getting the submenu in list*******
17:32:38.990 [main] INFO  factory.BaseClass - *******Get the all details from submenu dropdown*******
17:06:01.753 [main] INFO  factory.BaseClass - *******Navigate to the Justdial homePage*******
17:06:35.041 [main] INFO  factory.BaseClass - *******Navigate to the Justdial homePage*******
17:06:40.383 [main] INFO  factory.BaseClass - *******	Click on the Free Listing*******
17:06:42.349 [main] INFO  factory.BaseClass - *******Enter The wrong number*******
17:06:42.718 [main] INFO  factory.BaseClass - *******Click on the start now button*******
17:06:43.003 [main] INFO  factory.BaseClass - ******Validating the error message******
17:06:50.723 [main] INFO  factory.BaseClass - *******Navigate to the Justdial homePage*******
17:06:56.573 [main] INFO  factory.BaseClass - *******Scroll Down*******
17:06:56.919 [main] INFO  factory.BaseClass - *******Click on the Gym*******
17:06:57.467 [main] INFO  factory.BaseClass - ******Getting the submenu in list*******
17:07:00.236 [main] INFO  factory.BaseClass - *******Get the all details from submenu dropdown*******
17:08:02.544 [main] INFO  factory.BaseClass - *******Navigate to the Justdial homePage*******
17:08:06.910 [main] INFO  factory.BaseClass - *******Enter the Car washing services and search*******
17:08:07.820 [main] INFO  factory.BaseClass - *******Applying the filter*******
17:08:11.629 [main] INFO  factory.BaseClass - *******Getting the details of services*******
17:08:53.194 [main] INFO  factory.BaseClass - *******Navigate to the Justdial homePage*******
17:08:58.908 [main] INFO  factory.BaseClass - *******	Click on the Free Listing*******
17:09:00.463 [main] INFO  factory.BaseClass - *******Enter The wrong number*******
17:09:00.818 [main] INFO  factory.BaseClass - *******Click on the start now button*******
17:09:01.155 [main] INFO  factory.BaseClass - ******Validating the error message******
17:09:09.027 [main] INFO  factory.BaseClass - *******Navigate to the Justdial homePage*******
17:09:15.469 [main] INFO  factory.BaseClass - *******Scroll Down*******
17:09:15.785 [main] INFO  factory.BaseClass - *******Click on the Gym*******
17:09:16.290 [main] INFO  factory.BaseClass - ******Getting the submenu in list*******
17:09:18.880 [main] INFO  factory.BaseClass - *******Get the all details from submenu dropdown*******
17:38:10.871 [main] INFO  factory.BaseClass - *******Navigate to the Justdial homePage*******
17:38:41.541 [main] INFO  factory.BaseClass - *******Navigate to the Justdial homePage*******
17:39:10.183 [main] INFO  factory.BaseClass - *******Navigate to the Justdial homePage*******
17:39:58.833 [main] INFO  factory.BaseClass - *******Navigate to the Justdial homePage*******
17:40:04.099 [main] INFO  factory.BaseClass - *******Enter the Car washing services and search*******
17:40:04.855 [main] INFO  factory.BaseClass - *******Applying the filter*******
17:40:09.180 [main] INFO  factory.BaseClass - *******Getting the details of services*******
17:40:50.230 [main] INFO  factory.BaseClass - *******Navigate to the Justdial homePage*******
17:40:55.893 [main] INFO  factory.BaseClass - *******	Click on the Free Listing*******
17:40:58.337 [main] INFO  factory.BaseClass - *******Enter The wrong number*******
17:40:58.672 [main] INFO  factory.BaseClass - *******Click on the start now button*******
17:40:58.951 [main] INFO  factory.BaseClass - ******Validating the error message******
17:41:06.836 [main] INFO  factory.BaseClass - *******Navigate to the Justdial homePage*******
17:41:13.093 [main] INFO  factory.BaseClass - *******Scroll Down*******
17:41:13.404 [main] INFO  factory.BaseClass - *******Click on the Gym*******
17:41:13.962 [main] INFO  factory.BaseClass - ******Getting the submenu in list*******
17:41:16.779 [main] INFO  factory.BaseClass - *******Get the all details from submenu dropdown*******
